<?xml version="1.0" encoding="UTF-8"?>
<!-- Generated by org.testng.reporters.JUnitXMLReporter -->
<testsuite hostname="MDXN00005351" ignored="2" name="MyFirst" tests="2" failures="0" timestamp="2020-11-06T23:15:56 MEZ" time="21.437" errors="0">
  <testcase name="UserCanLogin" time="0.917" classname="tests.UserLoginTest"/>
  <testcase name="Filteranwenden" time="20.467" classname="tests.FilterTest"/>
  <testcase name="@BeforeSuite startDriver" time="0.0" classname="tests.TestBase">
    <ignored/>
  </testcase> <!-- @BeforeSuite startDriver -->
  <testcase name="@AfterSuite stopDriver" time="0.0" classname="tests.TestBase">
    <ignored/>
  </testcase> <!-- @AfterSuite stopDriver -->
</testsuite> <!-- MyFirst -->
