<?xml version="1.0" encoding="UTF-8"?>
<testng-results skipped="0" failed="0" ignored="0" total="1" passed="1">
  <reporter-output>
  </reporter-output>
  <suite name="MySuite" duration-ms="2607" started-at="2020-11-08T19:09:37 MEZ" finished-at="2020-11-08T19:09:40 MEZ">
    <groups>
    </groups>
    <test name="MyFirst1" duration-ms="2607" started-at="2020-11-08T19:09:37 MEZ" finished-at="2020-11-08T19:09:40 MEZ">
      <class name="tests.UserLoginTest">
        <test-method status="PASS" signature="startDriver()[pri:0, instance:tests.UserLoginTest@1e127982]" name="startDriver" is-config="true" duration-ms="35627" started-at="2020-11-08T19:09:02 MEZ" finished-at="2020-11-08T19:09:37 MEZ">
          <reporter-output>
          </reporter-output>
        </test-method> <!-- startDriver -->
        <test-method status="PASS" signature="UserCanLogin()[pri:0, instance:tests.UserLoginTest@1e127982]" name="UserCanLogin" duration-ms="2564" started-at="2020-11-08T19:09:37 MEZ" finished-at="2020-11-08T19:09:40 MEZ">
          <reporter-output>
          </reporter-output>
        </test-method> <!-- UserCanLogin -->
        <test-method status="PASS" signature="stopDriver()[pri:0, instance:tests.UserLoginTest@1e127982]" name="stopDriver" is-config="true" duration-ms="5154" started-at="2020-11-08T19:09:40 MEZ" finished-at="2020-11-08T19:09:45 MEZ">
          <reporter-output>
          </reporter-output>
        </test-method> <!-- stopDriver -->
      </class> <!-- tests.UserLoginTest -->
    </test> <!-- MyFirst1 -->
  </suite> <!-- MySuite -->
</testng-results>
