<?xml version="1.0" encoding="UTF-8"?>
<testsuite xmlns:xsi="http://www.w3.org/2001/XMLSchema-instance" xsi:noNamespaceSchemaLocation="https://maven.apache.org/surefire/maven-surefire-plugin/xsd/surefire-test-report-3.0.xsd" version="3.0" name="TestSuite" time="9.93" tests="3" errors="0" skipped="2" failures="1">
  <properties>
[...]
</properties>
  <testcase name="startDriver" classname="tests.UserLoginTest" time="9.729">
    <failure message="session not created: This version of ChromeDriver only supports Chrome version 87&#10;Current browser version is 86.0.4240.183 with binary path C:\Program Files (x86)\Google\Chrome\Application\chrome.exe&#10;Build info: version: &apos;3.141.59&apos;, revision: &apos;e82be7d358&apos;, time: &apos;2018-11-14T08:17:03&apos;&#10;System info: host: &apos;MDXN00005351&apos;, ip: &apos;192.168.0.10&apos;, os.name: &apos;Windows 10&apos;, os.arch: &apos;amd64&apos;, os.version: &apos;10.0&apos;, java.version: &apos;1.8.0_251&apos;&#10;Driver info: driver.version: ChromeDriver&#10;remote stacktrace: Backtrace:&#10;	Ordinal0 [0x00C4ECE3+3337443]&#10;	Ordinal0 [0x00B2F041+2158657]&#10;	Ordinal0 [0x009B6FA8+618408]&#10;	Ordinal0 [0x00931D52+73042]&#10;	Ordinal0 [0x0092E0D8+57560]&#10;	Ordinal0 [0x0092C38A+50058]&#10;	Ordinal0 [0x00955E8E+220814]&#10;	Ordinal0 [0x00955BFC+220156]&#10;	Ordinal0 [0x0095181B+202779]&#10;	Ordinal0 [0x00933D74+81268]&#10;	Ordinal0 [0x00934D6E+85358]&#10;	Ordinal0 [0x00934CF9+85241]&#10;	Ordinal0 [0x00B46F2C+2256684]&#10;	GetHandleVerifier [0x00DD2FAC+1478332]&#10;	GetHandleVerifier [0x00DD2AFD+1477133]&#10;	GetHandleVerifier [0x00DDAAD8+1509864]&#10;	GetHandleVerifier [0x00DD369E+1480110]&#10;	Ordinal0 [0x00B3D6BD+2217661]&#10;	Ordinal0 [0x00B489AB+2263467]&#10;	Ordinal0 [0x00B48AEF+2263791]&#10;	Ordinal0 [0x00B5D363+2347875]&#10;	BaseThreadInitThunk [0x75B86359+25]&#10;	RtlGetAppContainerNamedObjectPath [0x77E87C24+228]&#10;	RtlGetAppContainerNamedObjectPath [0x77E87BF4+180]&#10;" type="org.openqa.selenium.SessionNotCreatedException"><![CDATA[org.openqa.selenium.SessionNotCreatedException: 
session not created: This version of ChromeDriver only supports Chrome version 87
Current browser version is 86.0.4240.183 with binary path C:\Program Files (x86)\Google\Chrome\Application\chrome.exe
Build info: version: '3.141.59', revision: 'e82be7d358', time: '2018-11-14T08:17:03'
System info: host: 'MDXN00005351', ip: '192.168.0.10', os.name: 'Windows 10', os.arch: 'amd64', os.version: '10.0', java.version: '1.8.0_251'
Driver info: driver.version: ChromeDriver
remote stacktrace: Backtrace:
	Ordinal0 [0x00C4ECE3+3337443]
	Ordinal0 [0x00B2F041+2158657]
	Ordinal0 [0x009B6FA8+618408]
	Ordinal0 [0x00931D52+73042]
	Ordinal0 [0x0092E0D8+57560]
	Ordinal0 [0x0092C38A+50058]
	Ordinal0 [0x00955E8E+220814]
	Ordinal0 [0x00955BFC+220156]
	Ordinal0 [0x0095181B+202779]
	Ordinal0 [0x00933D74+81268]
	Ordinal0 [0x00934D6E+85358]
	Ordinal0 [0x00934CF9+85241]
	Ordinal0 [0x00B46F2C+2256684]
	GetHandleVerifier [0x00DD2FAC+1478332]
	GetHandleVerifier [0x00DD2AFD+1477133]
	GetHandleVerifier [0x00DDAAD8+1509864]
	GetHandleVerifier [0x00DD369E+1480110]
	Ordinal0 [0x00B3D6BD+2217661]
	Ordinal0 [0x00B489AB+2263467]
	Ordinal0 [0x00B48AEF+2263791]
	Ordinal0 [0x00B5D363+2347875]
	BaseThreadInitThunk [0x75B86359+25]
	RtlGetAppContainerNamedObjectPath [0x77E87C24+228]
	RtlGetAppContainerNamedObjectPath [0x77E87BF4+180]

]]></failure>
    <system-out><![CDATA[anbei der ausgewÃ¤hlte browser:chrome
]]></system-out>
    <system-err><![CDATA[Starting ChromeDriver 87.0.4280.20 (c99e81631faa0b2a448e658c0dbd8311fb04ddbd-refs/branch-heads/4280@{#355}) on port 46632
Only local connections are allowed.
Please see https://chromedriver.chromium.org/security-considerations for suggestions on keeping ChromeDriver safe.
ChromeDriver was started successfully.
]]></system-err>
  </testcase>
  <testcase name="UserCanLogin" classname="tests.UserLoginTest" time="0">
    <skipped message="session not created: This version of ChromeDriver only supports Chrome version 87&#10;Current browser version is 86.0.4240.183 with binary path C:\Program Files (x86)\Google\Chrome\Application\chrome.exe&#10;Build info: version: &apos;3.141.59&apos;, revision: &apos;e82be7d358&apos;, time: &apos;2018-11-14T08:17:03&apos;&#10;System info: host: &apos;MDXN00005351&apos;, ip: &apos;192.168.0.10&apos;, os.name: &apos;Windows 10&apos;, os.arch: &apos;amd64&apos;, os.version: &apos;10.0&apos;, java.version: &apos;1.8.0_251&apos;&#10;Driver info: driver.version: ChromeDriver&#10;remote stacktrace: Backtrace:&#10;	Ordinal0 [0x00C4ECE3+3337443]&#10;	Ordinal0 [0x00B2F041+2158657]&#10;	Ordinal0 [0x009B6FA8+618408]&#10;	Ordinal0 [0x00931D52+73042]&#10;	Ordinal0 [0x0092E0D8+57560]&#10;	Ordinal0 [0x0092C38A+50058]&#10;	Ordinal0 [0x00955E8E+220814]&#10;	Ordinal0 [0x00955BFC+220156]&#10;	Ordinal0 [0x0095181B+202779]&#10;	Ordinal0 [0x00933D74+81268]&#10;	Ordinal0 [0x00934D6E+85358]&#10;	Ordinal0 [0x00934CF9+85241]&#10;	Ordinal0 [0x00B46F2C+2256684]&#10;	GetHandleVerifier [0x00DD2FAC+1478332]&#10;	GetHandleVerifier [0x00DD2AFD+1477133]&#10;	GetHandleVerifier [0x00DDAAD8+1509864]&#10;	GetHandleVerifier [0x00DD369E+1480110]&#10;	Ordinal0 [0x00B3D6BD+2217661]&#10;	Ordinal0 [0x00B489AB+2263467]&#10;	Ordinal0 [0x00B48AEF+2263791]&#10;	Ordinal0 [0x00B5D363+2347875]&#10;	BaseThreadInitThunk [0x75B86359+25]&#10;	RtlGetAppContainerNamedObjectPath [0x77E87C24+228]&#10;	RtlGetAppContainerNamedObjectPath [0x77E87BF4+180]&#10;"/>
  </testcase>
  <testcase name="stopDriver" classname="tests.UserLoginTest" time="0">
    <skipped/>
  </testcase>
</testsuite>