<?xml version="1.0" encoding="UTF-8"?>
<testsuite xmlns:xsi="http://www.w3.org/2001/XMLSchema-instance" xsi:noNamespaceSchemaLocation="https://maven.apache.org/surefire/maven-surefire-plugin/xsd/surefire-test-report-3.0.xsd" version="3.0" name="TestSuite" time="50.537" tests="3" errors="0" skipped="2" failures="1">
  <properties>
[...]
</properties>
  <testcase name="startDriver" classname="tests.UserLoginTest" time="49.676">
    <failure message="session not created: This version of ChromeDriver only supports Chrome version 83&#10;Build info: version: &apos;3.141.59&apos;, revision: &apos;e82be7d358&apos;, time: &apos;2018-11-14T08:17:03&apos;&#10;System info: host: &apos;MDXN00005351&apos;, ip: &apos;192.168.0.10&apos;, os.name: &apos;Windows 10&apos;, os.arch: &apos;amd64&apos;, os.version: &apos;10.0&apos;, java.version: &apos;1.8.0_251&apos;&#10;Driver info: driver.version: ChromeDriver&#10;remote stacktrace: Backtrace:&#10;	Ordinal0 [0x002D9563+2725219]&#10;	Ordinal0 [0x001D8551+1672529]&#10;	Ordinal0 [0x000C0359+525145]&#10;	Ordinal0 [0x00050B77+68471]&#10;	Ordinal0 [0x0004D32C+54060]&#10;	Ordinal0 [0x0006CC37+183351]&#10;	Ordinal0 [0x0006CA3D+182845]&#10;	Ordinal0 [0x0006A94B+174411]&#10;	Ordinal0 [0x00052528+75048]&#10;	Ordinal0 [0x000535A0+79264]&#10;	Ordinal0 [0x00053539+79161]&#10;	Ordinal0 [0x001ED607+1758727]&#10;	GetHandleVerifier [0x003F6546+1050150]&#10;	GetHandleVerifier [0x003F6291+1049457]&#10;	GetHandleVerifier [0x004010D7+1094071]&#10;	GetHandleVerifier [0x003F6B46+1051686]&#10;	Ordinal0 [0x001E5B06+1727238]&#10;	Ordinal0 [0x001EEB7B+1764219]&#10;	Ordinal0 [0x001EECE3+1764579]&#10;	Ordinal0 [0x00204C05+1854469]&#10;	BaseThreadInitThunk [0x75B86359+25]&#10;	RtlGetAppContainerNamedObjectPath [0x77E87C24+228]&#10;	RtlGetAppContainerNamedObjectPath [0x77E87BF4+180]&#10;	(No symbol) [0x00000000]&#10;" type="org.openqa.selenium.SessionNotCreatedException"><![CDATA[org.openqa.selenium.SessionNotCreatedException: 
session not created: This version of ChromeDriver only supports Chrome version 83
Build info: version: '3.141.59', revision: 'e82be7d358', time: '2018-11-14T08:17:03'
System info: host: 'MDXN00005351', ip: '192.168.0.10', os.name: 'Windows 10', os.arch: 'amd64', os.version: '10.0', java.version: '1.8.0_251'
Driver info: driver.version: ChromeDriver
remote stacktrace: Backtrace:
	Ordinal0 [0x002D9563+2725219]
	Ordinal0 [0x001D8551+1672529]
	Ordinal0 [0x000C0359+525145]
	Ordinal0 [0x00050B77+68471]
	Ordinal0 [0x0004D32C+54060]
	Ordinal0 [0x0006CC37+183351]
	Ordinal0 [0x0006CA3D+182845]
	Ordinal0 [0x0006A94B+174411]
	Ordinal0 [0x00052528+75048]
	Ordinal0 [0x000535A0+79264]
	Ordinal0 [0x00053539+79161]
	Ordinal0 [0x001ED607+1758727]
	GetHandleVerifier [0x003F6546+1050150]
	GetHandleVerifier [0x003F6291+1049457]
	GetHandleVerifier [0x004010D7+1094071]
	GetHandleVerifier [0x003F6B46+1051686]
	Ordinal0 [0x001E5B06+1727238]
	Ordinal0 [0x001EEB7B+1764219]
	Ordinal0 [0x001EECE3+1764579]
	Ordinal0 [0x00204C05+1854469]
	BaseThreadInitThunk [0x75B86359+25]
	RtlGetAppContainerNamedObjectPath [0x77E87C24+228]
	RtlGetAppContainerNamedObjectPath [0x77E87BF4+180]
	(No symbol) [0x00000000]

]]></failure>
    <system-err><![CDATA[1604861767135	mozrunner::runner	INFO	Running command: "C:\\Program Files\\Mozilla Firefox\\firefox.exe" "-marionette" "-foreground" "-no-remote" "-profile" "C:\\Users\\KHATTA~2\\AppData\\Local\\Temp\\rust_mozprofilemcNN6w"
Can't find symbol 'eglSwapBuffersWithDamageEXT'.
JavaScript error: resource://gre/modules/XULStore.jsm, line 66: Error: Can't find profile directory.
console.warn: SearchSettings: "get: No settings file exists, new profile?" (new Error("", "(unknown module)"))
[Parent 18208, Gecko_IOThread] WARNING: file /builds/worker/checkouts/gecko/ipc/chromium/src/base/process_util_win.cc, line 166
1604861784440	Marionette	INFO	Listening on port 56833
1604861787774	Marionette	WARN	TLS certificate errors will be ignored for this session
Nov 08, 2020 7:56:28 PM org.openqa.selenium.remote.ProtocolHandshake createSession
INFORMATION: Detected dialect: W3C
Starting ChromeDriver 83.0.4103.39 (ccbf011cb2d2b19b506d844400483861342c20cd-refs/branch-heads/4103@{#416}) on port 44824
Only local connections are allowed.
Please see https://chromedriver.chromium.org/security-considerations for suggestions on keeping ChromeDriver safe.
ChromeDriver was started successfully.
]]></system-err>
  </testcase>
  <testcase name="UserCanLogin" classname="tests.UserLoginTest" time="0">
    <skipped message="session not created: This version of ChromeDriver only supports Chrome version 83&#10;Build info: version: &apos;3.141.59&apos;, revision: &apos;e82be7d358&apos;, time: &apos;2018-11-14T08:17:03&apos;&#10;System info: host: &apos;MDXN00005351&apos;, ip: &apos;192.168.0.10&apos;, os.name: &apos;Windows 10&apos;, os.arch: &apos;amd64&apos;, os.version: &apos;10.0&apos;, java.version: &apos;1.8.0_251&apos;&#10;Driver info: driver.version: ChromeDriver&#10;remote stacktrace: Backtrace:&#10;	Ordinal0 [0x002D9563+2725219]&#10;	Ordinal0 [0x001D8551+1672529]&#10;	Ordinal0 [0x000C0359+525145]&#10;	Ordinal0 [0x00050B77+68471]&#10;	Ordinal0 [0x0004D32C+54060]&#10;	Ordinal0 [0x0006CC37+183351]&#10;	Ordinal0 [0x0006CA3D+182845]&#10;	Ordinal0 [0x0006A94B+174411]&#10;	Ordinal0 [0x00052528+75048]&#10;	Ordinal0 [0x000535A0+79264]&#10;	Ordinal0 [0x00053539+79161]&#10;	Ordinal0 [0x001ED607+1758727]&#10;	GetHandleVerifier [0x003F6546+1050150]&#10;	GetHandleVerifier [0x003F6291+1049457]&#10;	GetHandleVerifier [0x004010D7+1094071]&#10;	GetHandleVerifier [0x003F6B46+1051686]&#10;	Ordinal0 [0x001E5B06+1727238]&#10;	Ordinal0 [0x001EEB7B+1764219]&#10;	Ordinal0 [0x001EECE3+1764579]&#10;	Ordinal0 [0x00204C05+1854469]&#10;	BaseThreadInitThunk [0x75B86359+25]&#10;	RtlGetAppContainerNamedObjectPath [0x77E87C24+228]&#10;	RtlGetAppContainerNamedObjectPath [0x77E87BF4+180]&#10;	(No symbol) [0x00000000]&#10;"/>
  </testcase>
  <testcase name="stopDriver" classname="tests.UserLoginTest" time="0">
    <skipped/>
  </testcase>
</testsuite>