<?xml version="1.0" encoding="UTF-8"?>
<testng-results skipped="0" failed="0" ignored="2" total="4" passed="2">
  <reporter-output>
  </reporter-output>
  <suite name="MySuite" duration-ms="21437" started-at="2020-11-06T23:15:34 MEZ" finished-at="2020-11-06T23:15:56 MEZ">
    <groups>
    </groups>
    <test name="MyFirst" duration-ms="21437" started-at="2020-11-06T23:15:34 MEZ" finished-at="2020-11-06T23:15:56 MEZ">
      <class name="tests.FilterTest">
        <test-method status="PASS" signature="Filteranwenden()[pri:0, instance:tests.FilterTest@2038ae61]" name="Filteranwenden" duration-ms="20467" started-at="2020-11-06T23:15:35 MEZ" finished-at="2020-11-06T23:15:56 MEZ">
          <reporter-output>
          </reporter-output>
        </test-method> <!-- Filteranwenden -->
      </class> <!-- tests.FilterTest -->
      <class name="tests.UserLoginTest">
        <test-method status="PASS" signature="startDriver()[pri:0, instance:tests.UserLoginTest@60c6f5b]" name="startDriver" is-config="true" duration-ms="14616" started-at="2020-11-06T23:15:20 MEZ" finished-at="2020-11-06T23:15:34 MEZ">
          <reporter-output>
          </reporter-output>
        </test-method> <!-- startDriver -->
        <test-method status="PASS" signature="UserCanLogin()[pri:0, instance:tests.UserLoginTest@60c6f5b]" name="UserCanLogin" duration-ms="917" started-at="2020-11-06T23:15:34 MEZ" finished-at="2020-11-06T23:15:35 MEZ">
          <reporter-output>
          </reporter-output>
        </test-method> <!-- UserCanLogin -->
        <test-method status="PASS" signature="stopDriver()[pri:0, instance:tests.UserLoginTest@60c6f5b]" name="stopDriver" is-config="true" duration-ms="3728" started-at="2020-11-06T23:15:56 MEZ" finished-at="2020-11-06T23:16:00 MEZ">
          <reporter-output>
          </reporter-output>
        </test-method> <!-- stopDriver -->
      </class> <!-- tests.UserLoginTest -->
    </test> <!-- MyFirst -->
  </suite> <!-- MySuite -->
</testng-results>
